<?xml version="1.0" encoding="UTF-8"?>
<testng-results ignored="0" total="0" passed="0" failed="0" skipped="0">
  <reporter-output>
  </reporter-output>
  <suite started-at="2024-09-13T18:31:54 BDT" name="Default suite" finished-at="2024-09-13T18:31:54 BDT" duration-ms="20">
    <groups>
    </groups>
    <test started-at="2024-09-13T18:31:54 BDT" name="Default test" finished-at="2024-09-13T18:31:54 BDT" duration-ms="20">
    </test> <!-- Default test -->
  </suite> <!-- Default suite -->
</testng-results>
